Case #1:
920487366873 808073535166 104095058407 676605004496 921140546432 793680885022 609942122399 
401984033030 56121272203 671099604776 121164566861 196884228781 726223444639 965162215333 639604054559 261949667274 65565756421 728265674918 
Case #2:
318421434089 585293151453 56399826959 151110759719 790726129475 994719312297 144061395350 490586537611 
430499872167 725443432405 25132813344 109146394181 399160569456 974766837039 128085192459 421438595639 317644840263 
Case #3:
305078261702 943276032795 882868033948 40667308684 945537420164 139527829491 349291924727 586811167227 326001460474 917952643230 
881775709606 138929904022 828344092287 68691154945 329814725455 256408547674 879928482135 619758025391 571108381247 242296553472 269714882066 350241624142 
Case #4:
512423802548 610262398461 782865756686 75491741475 534744858701 119704069878 179452311523 784920928549 494943642099 453788257072 180144166596 
396181466788 215398866286 376552219791 401478437486 932581661083 398762972895 103964500555 310131258043 764427619995 819142146299 10120784367 
Case #5:
524262120733 584489645354 752488648791 477060778780 602619738581 230198228550 122062980109 853137039935 7525136042 233671661078 531924752846 995068225469 291072585386 
390107583368 221548446400 663580284097 251354386632 446002011754 704915822847 131479625590 469499497145 607130539524 820923258754 718639385446 521609786787 258790913310 
Case #6:
990836008371 620105921652 843424350406 791348594711 377957122048 294874253801 641452314346 108166548855 
664697253590 852714119950 813648726117 319686245199 627054110393 447259227062 776283886395 166821545484 
Case #7:
218671639757 169651447678 650094316956 583311794400 749903474705 105473850780 379582169885 343597383680 210208714103 296325542212 567076040263 7366683482 
526157889136 756820998300 322014284092 792197770045 905587197148 15202174124 963282745056 
Case #8:
883802883607 844499950043 999648774155 869258656333 550155142217 931772744042 558585675039 522377451300 960731956109 981793309290 508072072339 
790190324397 547259878184 966435423938 795187730189 608210951969 714546152657 730260751286 815816690129 920532877313 980520273838 741737560574 
Case #9:
196643658174 559487736833 92664120962 543665605940 258634339879 396197327845 573671466364 203790090422 456955905812 871160790890 
326016422117 458163463438 579644122500 186345479899 510941800004 411414245349 398760354880 953539166970 328045987964 
Case #10:
851663455142 907530766779 650119821061 724784085275 1000000000000 559730983986 709359478156 890473709241 620430989095 
704375485462 512600598610 836013168878 837437168871 799835563560 856190232540 877093092404 984817120813 505730857597 
