Case #1:
20 
4 16 
Case #2:
9512 6170 
5690 3117 2665 4210 
Case #3:
1496 3732 
1798 3430 
Case #4:
568 440 
432 576 
Case #5:
27942 72337 67469 30561 50437 1414 
94244 72302 83614 
Case #6:
82584 1651 86249 71480 
4069 86390 34026 31507 13026 72946 
Case #7:
27934 86362 18093 79364 14095 95685 
68291 50236 64772 74500 63734 
Case #8:
27402 38012 35280 98298 
99440 49537 50015 
Case #9:
4911 3946 3703 
2351 3590 3572 1455 1592 
Case #10:
71680 52241 75799 42965 59813 6787 
64784 79428 79687 85386 
