Case #1: 0 0 0 0 0 0 
Case #2: 2 0 0 2 
Case #3: Impossible
Case #4: 2 0 1 2 
Case #5: 0 0 
Case #6: 0 0 0 0 0 0 0 0 0 0 
Case #7: Impossible
Case #8: 6 2 0 1 4 6 
Case #9: Impossible
Case #10: Impossible
Case #11: Impossible
Case #12: Impossible
Case #13: Impossible
Case #14: 3 0 1 2 3 3 
Case #15: Impossible
Case #16: Impossible
Case #17: 20 12 6 2 0 0 2 6 12 20 
Case #18: Impossible
Case #19: 2 1 2 0 0 2 2 
Case #20: 4 4 1 0 2 4 
Case #21: 3 3 0 1 2 3 
Case #22: 4 4 1 0 1 4 4 
Case #23: Impossible
Case #24: 3 2 3 3 0 1 1 3 
Case #25: Impossible
Case #26: Impossible
Case #27: 2 0 1 2 2 
Case #28: 1 1 1 0 1 1 1 
Case #29: Impossible
Case #30: 15 7 2 0 1 5 9 12 14 15 
