Case #1: 3
3 1 3 2 
Case #2: 3
3 1 2 1 3 1 2 1 
Case #3: 4
1 3 4 2 3 4 1 2 
Case #4: 3
1 2 1 3 1 2 3 
Case #5: 3
2 1 3 2 1 3 
Case #6: 3
2 3 2 1 3 
Case #7: 3
1 3 2 1 3 1 2 
Case #8: 3
3 1 2 1 2 3 2 1 
Case #9: 5
5 1 3 4 5 2 3 4 
Case #10: 3
2 3 1 2 3 1 2 1 
Case #11: 4
2 3 4 2 1 3 4 
Case #12: 4
4 2 3 4 1 2 1 3 
Case #13: 3
2 1 2 3 1 2 3 1 
Case #14: 4
3 4 2 1 4 3 4 1 
Case #15: 4
2 1 3 4 2 3 4 
Case #16: 4
1 3 4 2 3 4 
Case #17: 3
3 1 3 1 2 1 
Case #18: 3
1 3 2 3 
Case #19: 3
3 1 3 2 
Case #20: 3
1 3 2 3 
Case #21: 3
1 3 2 3 
Case #22: 3
1 3 2 3 1 2 
Case #23: 3
1 2 1 2 3 1 3 
Case #24: 3
3 2 1 3 2 
Case #25: 4
3 4 1 3 4 2 
Case #26: 3
3 1 3 1 2 1 
Case #27: 3
3 1 2 3 1 3 2 1 
Case #28: 3
1 3 2 3 
Case #29: 3
1 3 2 3 
Case #30: 3
3 2 3 2 1 
Case #31: 3
1 2 1 2 3 1 3 
Case #32: 3
2 1 2 3 1 2 3 
Case #33: 3
2 1 3 1 2 3 1 3 
Case #34: 4
2 3 4 2 1 3 4 
Case #35: 3
3 2 1 3 2 
Case #36: 3
2 3 2 1 3 
Case #37: 3
1 3 2 3 
Case #38: 4
4 2 1 4 3 4 1 3 
Case #39: 3
2 1 3 2 3 
Case #40: 3
3 1 3 2 
Case #41: 4
3 4 1 3 4 2 
Case #42: 4
1 3 4 2 3 4 
Case #43: 3
2 1 3 1 3 
Case #44: 4
2 3 4 2 1 3 4 
Case #45: 3
3 1 3 1 3 1 3 2 
Case #46: 5
5 1 3 4 5 2 3 4 
Case #47: 3
3 1 3 2 
Case #48: 3
1 3 2 3 
Case #49: 4
4 1 3 4 2 3 
Case #50: 3
1 3 2 3 2 
Case #51: 4
4 1 3 4 2 1 4 3 
Case #52: 3
2 1 3 2 1 3 
Case #53: 4
3 4 2 3 4 2 3 1 
Case #54: 3
2 3 1 2 1 2 3 
Case #55: 3
3 1 3 2 
Case #56: 3
1 2 1 3 2 1 3 2 
Case #57: 3
2 3 1 3 2 1 2 3 
Case #58: 3
2 1 3 2 1 3 
Case #59: 3
1 3 2 1 2 3 2 3 
Case #60: 3
2 1 3 1 2 1 3 
Case #61: 3
3 2 3 2 1 2 1 
Case #62: 4
3 4 1 3 4 2 
Case #63: 3
3 2 3 2 3 1 2 
Case #64: 3
3 1 3 2 
Case #65: 3
3 1 3 2 
Case #66: 3
2 3 2 1 3 
Case #67: 3
3 1 3 2 
Case #68: 3
3 2 1 2 3 2 1 
Case #69: 3
2 3 2 1 3 
Case #70: 3
3 1 3 2 
Case #71: 3
2 3 2 3 1 3 1 
Case #72: 4
4 2 1 3 4 2 3 
Case #73: 3
2 3 2 1 3 
Case #74: 3
2 1 3 1 3 
Case #75: 3
3 1 3 2 
Case #76: 3
3 1 3 2 
Case #77: 4
4 2 3 1 2 4 1 3 
Case #78: 4
4 2 3 1 2 4 1 3 
Case #79: 4
2 3 4 2 3 1 3 4 
Case #80: 3
2 1 3 1 2 3 
Case #81: 3
2 1 3 2 1 3 
Case #82: 4
1 3 4 2 3 4 
Case #83: 3
1 3 2 3 1 2 
Case #84: 3
1 3 2 3 
Case #85: 4
4 1 3 4 2 3 
Case #86: 3
2 1 3 2 1 3 
Case #87: 3
3 2 1 2 3 2 
Case #88: 3
3 1 3 2 
Case #89: 3
2 3 2 1 3 2 3 1 
Case #90: 5
4 5 1 3 4 5 2 3 
Case #91: 4
3 4 1 3 4 2 
Case #92: 3
3 2 1 3 1 
Case #93: 3
2 1 3 2 1 3 
Case #94: 3
2 1 3 2 1 2 3 1 
Case #95: 3
3 2 1 3 1 3 2 1 
Case #96: 3
3 1 3 2 
Case #97: 3
3 2 1 3 1 
Case #98: 3
1 3 1 2 1 3 
Case #99: 3
3 2 1 3 1 2 1 
Case #100: 3
2 3 1 3 2 1 2 3 
