Case #1: 2 6 0 0 
Case #2: 88 2 177 2 164 1 
Case #3: 613777 720244 808010 28227 1130109 456760 623277 246018 324061 729454 509661 493335 795986 1218439 830198 349950 143205 1246188 1009843 833819 
Case #4: 67394 159541 85875 1453788 15297 723633 7953 997166 11602 1303444 11494 581357 34338 982405 11664 782383 6662 410156 77677 315872 
Case #5: 83890 325378 
Case #6: 20739061 107554536 137623864 997389814 118797799 60806852 595028635 962408012 942727721 83454665 35308226 158374933 635339424 654001668 108728548 685118024 75260297 824938981 571540977 194847408 
Case #7: 521730 53174 2303459 45512 799076 87213 100944 30454 403773 99276 1659812 62842 2697355 49518 1953256 26631 1101563 75379 2857786 80370 
Case #8: 71283 773580 24615 5639587 105343 1948675 110461 21064 96935 2389745 124136 3442742 61538 4943272 148921 5837646 86407 4751563 9474 4415464 
Case #9: 2744143 34002 2135890 53270 619298 20816 3694785 61993 1060170 95907 1163149 118741 4054874 96183 4215774 73879 2936592 22512 3885300 102094 
Case #10: 959914 33534 2965453 30176 2849398 74979 465407 52227 1836800 129509 3164598 103680 2071892 105819 1907971 32522 2397975 134184 93356 87185 
Case #11: 179032 490032 510596 1160151 39596 786294 394201 455978 555570 462423 142216 135253 431700 298396 6783 1213390 443863 1324493 371698 940379 
Case #12: 45899 3630417 40969 101381 62446 3078536 70393 1688156 58469 2720616 58890 5321413 13820 3762340 54579 2512290 42566 3920659 68947 6680085 
Case #13: 1277844 37394 3125126 26634 4537948 15064 953226 37340 3847811 3566 1866991 27243 2696276 22917 4884076 5055 355672 53721 3998617 38455 
Case #14: 72987 2669913 40851 2993541 41371 5592583 49610 3904937 46600 5941376 5094 334404 86000 43962 11930 4079409 61964 406955 58834 4325397 
Case #15: 118274 1992835 132140 656275 44345 3724099 26655 3536876 59135 208202 32450 1538252 85623 411251 105497 3097401 47169 2808449 65577 1064092 
Case #16: 79502 3643690 62631 851582 14970 192502 48713 3125176 19154 511704 7707 1145106 71476 72417 35650 4092921 44493 2657259 20350 2518784 
Case #17: 579424 176234 1082953 507747 596226 311521 285198 371782 797349 172023 121009 124219 138804 499117 439643 386031 862465 530794 636097 459954 
Case #18: 2751952 39572 1047933 84736 3571315 81811 3804579 53103 356454 25582 681171 40696 2343275 29518 892360 36055 5132098 698 1623651 29707 
Case #19: 193896 1011063 93 762938 48229 915957 268908 1248650 123941 733351 254552 260764 201858 53509 127826 1221021 266070 536409 180463 309155 
Case #20: 60684 1820763 13759 3727261 9845 4279935 5882 3559274 51486 2483683 51681 2401291 28380 460993 6054 3379010 10158 873207 27071 1396090 
Case #21: 98072 1821509 55586 651906 116069 232178 6428 1284326 207833 1430049 203876 1284803 49760 84808 123550 1598414 105619 1642636 37807 182690 
Case #22: 107474 39576 796269 36392 2276152 138169 639358 15063 1218375 11234 2205521 25222 1134386 43037 1247610 193407 1042493 134979 1646688 48322 
Case #23: 95857 3167457 14990 2786999 3525 3123843 60361 3044820 70812 1539987 65003 62977 77916 2963050 65060 2161086 56719 3378885 69775 546974 
Case #24: 2470121 67284 6355154 65961 4126805 72764 1509460 9518 5086777 76340 458136 54186 6192777 3589 2700844 79535 6043988 47108 5498286 62266 
Case #25: 1506640 30309 159710 27834 4442802 87817 345204 86387 3713321 95454 2466667 12293 5122666 41056 5400538 82628 3485684 64230 1827831 2279 
Case #26: 2108823 28172 1569264 27826 383285 61755 812961 6496 2296165 26893 3373614 54207 4779069 55789 4382107 46401 4652551 32073 3457893 13950 
Case #27: 356003 240259 720878 263562 188464 280338 588243 195761 1143904 295274 843884 260451 474963 97024 1157028 214474 846217 4887 677837 126623 
Case #28: 13250 154087 7187 377688 161424 92106 89027 667165 154243 1238741 74981 3348183 55290 2043199 95312 3931109 169235 1867438 139526 3266801 
Case #29: 251017 82084 1594959 175608 1259916 51436 868152 174361 1318999 81317 331147 107942 1222774 220381 1525583 180601 2601 39912 122743 23356 
Case #30: 97339 63117 4259132 63721 751957 8810 5540071 21576 3720594 24362 1254715 47743 264392 59620 241750 14913 4433266 13128 1955881 65383 
Case #31: 86639 882048 201562 147716 331981 560251 75465 213301 529882 443585 307241 1003319 31887 1026225 181714 26143 407387 423875 344169 730222 
Case #32: 6119256 24531 3110711 2701 3642665 33250 1346357 35142 4139859 13947 4681846 100190 3922866 98962 855989 116584 2165889 90404 387250 57633 
Case #33: 690807 227944 423180 313280 691278 315630 211414 94712 568875 351542 207673 279205 486516 216548 977582 190159 736459 53468 648647 28025 
Case #34: 79820 7689 6570723 80559 3556453 12248 4094659 2361 1710557 60779 2819677 53414 2492495 779 2657836 42108 4643292 7144 1135706 449 
Case #35: 4860257 35783 1398392 55626 744130 15171 3630215 8968 18259 20085 1765175 4359 2658818 73842 2763164 31947 3882372 70822 477576 72202 
Case #36: 1931797 25028 2152137 6917 2353134 114086 558286 51458 2699884 20084 854012 23799 315967 209902 255159 3584 1227085 10087 2221597 183359 
Case #37: 35233 6138532 16900 3590845 48276 4333905 39863 3905906 67997 3181999 26924 3739650 15680 3420663 34590 4453564 46164 5784588 75472 974995 
Case #38: 108698 187076 164023 495264 436759 125650 47933 94499 666887 485391 846751 289560 645868 65454 168235 246331 88587 59413 432315 295500 
Case #39: 16774 1280794 55808 1507352 94055 929812 40656 3977749 75005 2974977 34716 3500965 94660 4275586 74654 3764348 21053 3177310 25858 1148230 
Case #40: 79773 6504478 15322 1210317 55990 902316 29487 3999226 92935 4864972 99535 6351996 37361 5981073 105131 630375 27691 3425901 26783 6670247 
Case #41: 1211933 442432 464848 84701 1005080 131389 293389 148168 436287 295393 664962 301164 91073 134755 1080691 386611 382426 54671 149537 346127 
Case #42: 20790 61003 45490 2914031 220712 594442 94553 2117580 220357 1457542 2865 404551 94446 794531 106573 1797512 82135 1395123 179270 213733 
Case #43: 29476 361794 387529 148818 585568 187642 37901 43993 442262 398541 86383 106889 394592 45846 13210 214311 451920 210346 620702 26227 
Case #44: 74735 1024818 29765 440710 41590 938197 89543 416265 36420 187857 115644 1397545 68184 829517 103300 681286 86443 1125033 16075 26892 
Case #45: 514120 217484 171283 231606 534708 404160 802999 87128 325066 352009 507541 54882 499826 289589 90713 436543 64273 179108 211404 43868 
Case #46: 937132 66363 839171 148195 835470 27052 477924 64974 242331 313324 254583 159090 82775 102244 1356203 120240 552247 396319 638170 255429 
Case #47: 63015 3816277 34717 973901 119662 993599 89857 3411187 49060 4126036 12755 2111530 119424 4781968 15007 1764905 101421 1210513 42285 5286252 
Case #48: 15783 2260042 74068 2013646 2082 4306876 28380 3370992 2691 1218598 7988 2691033 36738 3779929 31361 2177864 54028 1477148 36934 473745 
Case #49: 258333 128150 519682 99338 2040730 13721 388993 38975 1705837 198176 1330909 5728 1727003 2182 580286 231188 833221 71779 1279759 35568 
Case #50: 827092 320072 185955 335570 1081735 330600 71920 20465 1600610 132451 169905 211327 1077420 136686 1381692 156893 1256930 35203 729241 81411 
